<?xml version="1.0" encoding="UTF-8"?>
<!-- Generated by org.testng.reporters.JUnitReportReporter -->
<testsuite skipped="0" hostname="Alexey-ПК" name="firstweb.tests.MainTest" tests="1" failures="0" timestamp="01 июн 2017 14:53:23 GMT" time="6.907" errors="0">
  <testcase name="main" time="6.907" classname="firstweb.tests.MainTest"/>
</testsuite> <!-- firstweb.tests.MainTest -->
