<?xml version="1.0" encoding="UTF-8"?>
<!-- Generated by org.testng.reporters.JUnitReportReporter -->
<testsuite skipped="0" hostname="Alexey-ПК" name="tests.MainTest" tests="3" failures="0" timestamp="14 июн 2017 14:03:47 GMT" time="14.884" errors="0">
  <testcase name="test" time="6.033" classname="tests.MainTest"/>
  <testcase name="test3" time="3.501" classname="tests.MainTest"/>
  <testcase name="test2" time="5.350" classname="tests.MainTest"/>
</testsuite> <!-- tests.MainTest -->
