<?xml version="1.0" encoding="UTF-8"?>
<!-- Generated by org.testng.reporters.JUnitReportReporter -->
<testsuite skipped="0" hostname="Alexey-ПК" name="firstweb.tests.MainTest" tests="1" failures="0" timestamp="26 мая 2017 14:27:31 GMT" time="11.400" errors="0">
  <testcase name="main" time="11.400" classname="firstweb.tests.MainTest"/>
</testsuite> <!-- firstweb.tests.MainTest -->
